{"/home/colin/repos/notes/notes-frontend/src/utils/nested_list.tsx": {"path":"/home/colin/repos/notes/notes-frontend/src/utils/nested_list.tsx","statementMap":{"0":{"start":{"line":1,"column":0},"end":{"line":1,"column":50}},"1":{"start":{"line":2,"column":0},"end":{"line":2,"column":0}},"2":{"start":{"line":3,"column":0},"end":{"line":3,"column":41}},"3":{"start":{"line":4,"column":0},"end":{"line":4,"column":59}},"4":{"start":{"line":5,"column":0},"end":{"line":5,"column":37}},"5":{"start":{"line":6,"column":0},"end":{"line":6,"column":30}},"6":{"start":{"line":7,"column":0},"end":{"line":7,"column":26}},"7":{"start":{"line":8,"column":0},"end":{"line":8,"column":5}},"8":{"start":{"line":9,"column":0},"end":{"line":9,"column":10}},"9":{"start":{"line":10,"column":0},"end":{"line":10,"column":17}},"10":{"start":{"line":11,"column":0},"end":{"line":11,"column":5}},"11":{"start":{"line":12,"column":0},"end":{"line":12,"column":5}},"12":{"start":{"line":13,"column":0},"end":{"line":13,"column":0}},"13":{"start":{"line":14,"column":0},"end":{"line":14,"column":36}},"14":{"start":{"line":15,"column":0},"end":{"line":15,"column":1}},"15":{"start":{"line":16,"column":0},"end":{"line":16,"column":0}},"16":{"start":{"line":17,"column":0},"end":{"line":17,"column":21}},"17":{"start":{"line":18,"column":0},"end":{"line":18,"column":28}},"18":{"start":{"line":19,"column":0},"end":{"line":19,"column":81}},"19":{"start":{"line":20,"column":0},"end":{"line":20,"column":31}},"20":{"start":{"line":21,"column":0},"end":{"line":21,"column":27}},"21":{"start":{"line":22,"column":0},"end":{"line":22,"column":64}},"22":{"start":{"line":23,"column":0},"end":{"line":23,"column":34}},"23":{"start":{"line":24,"column":0},"end":{"line":24,"column":26}},"24":{"start":{"line":25,"column":0},"end":{"line":25,"column":9}},"25":{"start":{"line":26,"column":0},"end":{"line":26,"column":9}},"26":{"start":{"line":27,"column":0},"end":{"line":27,"column":0}},"27":{"start":{"line":28,"column":0},"end":{"line":28,"column":21}},"28":{"start":{"line":29,"column":0},"end":{"line":29,"column":48}},"29":{"start":{"line":30,"column":0},"end":{"line":30,"column":7}},"30":{"start":{"line":31,"column":0},"end":{"line":31,"column":12}},"31":{"start":{"line":32,"column":0},"end":{"line":32,"column":58}},"32":{"start":{"line":33,"column":0},"end":{"line":33,"column":7}},"33":{"start":{"line":34,"column":0},"end":{"line":34,"column":5}},"34":{"start":{"line":35,"column":0},"end":{"line":35,"column":33}},"35":{"start":{"line":36,"column":0},"end":{"line":36,"column":25}},"36":{"start":{"line":37,"column":0},"end":{"line":37,"column":5}},"37":{"start":{"line":38,"column":0},"end":{"line":38,"column":10}},"38":{"start":{"line":39,"column":0},"end":{"line":39,"column":21}},"39":{"start":{"line":40,"column":0},"end":{"line":40,"column":5}},"40":{"start":{"line":41,"column":0},"end":{"line":41,"column":3}},"41":{"start":{"line":42,"column":0},"end":{"line":42,"column":0}},"42":{"start":{"line":43,"column":0},"end":{"line":43,"column":26}},"43":{"start":{"line":44,"column":0},"end":{"line":44,"column":43}},"44":{"start":{"line":45,"column":0},"end":{"line":45,"column":25}},"45":{"start":{"line":46,"column":0},"end":{"line":46,"column":67}},"46":{"start":{"line":47,"column":0},"end":{"line":47,"column":32}},"47":{"start":{"line":48,"column":0},"end":{"line":48,"column":24}},"48":{"start":{"line":49,"column":0},"end":{"line":49,"column":7}},"49":{"start":{"line":50,"column":0},"end":{"line":50,"column":7}},"50":{"start":{"line":51,"column":0},"end":{"line":51,"column":0}},"51":{"start":{"line":52,"column":0},"end":{"line":52,"column":19}},"52":{"start":{"line":53,"column":0},"end":{"line":53,"column":50}},"53":{"start":{"line":54,"column":0},"end":{"line":54,"column":5}},"54":{"start":{"line":55,"column":0},"end":{"line":55,"column":0}},"55":{"start":{"line":56,"column":0},"end":{"line":56,"column":53}},"56":{"start":{"line":57,"column":0},"end":{"line":57,"column":37}},"57":{"start":{"line":58,"column":0},"end":{"line":58,"column":27}},"58":{"start":{"line":59,"column":0},"end":{"line":59,"column":7}},"59":{"start":{"line":60,"column":0},"end":{"line":60,"column":0}},"60":{"start":{"line":61,"column":0},"end":{"line":61,"column":17}},"61":{"start":{"line":62,"column":0},"end":{"line":62,"column":8}},"62":{"start":{"line":63,"column":0},"end":{"line":63,"column":3}},"63":{"start":{"line":64,"column":0},"end":{"line":64,"column":0}},"64":{"start":{"line":65,"column":0},"end":{"line":65,"column":45}},"65":{"start":{"line":66,"column":0},"end":{"line":66,"column":29}},"66":{"start":{"line":67,"column":0},"end":{"line":67,"column":35}},"67":{"start":{"line":68,"column":0},"end":{"line":68,"column":5}},"68":{"start":{"line":69,"column":0},"end":{"line":69,"column":10}},"69":{"start":{"line":70,"column":0},"end":{"line":70,"column":41}},"70":{"start":{"line":71,"column":0},"end":{"line":71,"column":38}},"71":{"start":{"line":72,"column":0},"end":{"line":72,"column":42}},"72":{"start":{"line":73,"column":0},"end":{"line":73,"column":7}},"73":{"start":{"line":74,"column":0},"end":{"line":74,"column":12}},"74":{"start":{"line":75,"column":0},"end":{"line":75,"column":69}},"75":{"start":{"line":76,"column":0},"end":{"line":76,"column":7}},"76":{"start":{"line":77,"column":0},"end":{"line":77,"column":5}},"77":{"start":{"line":78,"column":0},"end":{"line":78,"column":3}},"78":{"start":{"line":79,"column":0},"end":{"line":79,"column":0}},"79":{"start":{"line":80,"column":0},"end":{"line":80,"column":60}},"80":{"start":{"line":81,"column":0},"end":{"line":81,"column":29}},"81":{"start":{"line":82,"column":0},"end":{"line":82,"column":38}},"82":{"start":{"line":83,"column":0},"end":{"line":83,"column":5}},"83":{"start":{"line":84,"column":0},"end":{"line":84,"column":10}},"84":{"start":{"line":85,"column":0},"end":{"line":85,"column":41}},"85":{"start":{"line":86,"column":0},"end":{"line":86,"column":38}},"86":{"start":{"line":87,"column":0},"end":{"line":87,"column":44}},"87":{"start":{"line":88,"column":0},"end":{"line":88,"column":7}},"88":{"start":{"line":89,"column":0},"end":{"line":89,"column":12}},"89":{"start":{"line":90,"column":0},"end":{"line":90,"column":69}},"90":{"start":{"line":91,"column":0},"end":{"line":91,"column":7}},"91":{"start":{"line":92,"column":0},"end":{"line":92,"column":5}},"92":{"start":{"line":93,"column":0},"end":{"line":93,"column":3}},"93":{"start":{"line":94,"column":0},"end":{"line":94,"column":0}},"94":{"start":{"line":95,"column":0},"end":{"line":95,"column":61}},"95":{"start":{"line":96,"column":0},"end":{"line":96,"column":29}},"96":{"start":{"line":97,"column":0},"end":{"line":97,"column":35}},"97":{"start":{"line":98,"column":0},"end":{"line":98,"column":77}},"98":{"start":{"line":99,"column":0},"end":{"line":99,"column":73}},"99":{"start":{"line":100,"column":0},"end":{"line":100,"column":48}},"100":{"start":{"line":101,"column":0},"end":{"line":101,"column":5}},"101":{"start":{"line":102,"column":0},"end":{"line":102,"column":10}},"102":{"start":{"line":103,"column":0},"end":{"line":103,"column":41}},"103":{"start":{"line":104,"column":0},"end":{"line":104,"column":38}},"104":{"start":{"line":105,"column":0},"end":{"line":105,"column":45}},"105":{"start":{"line":106,"column":0},"end":{"line":106,"column":7}},"106":{"start":{"line":107,"column":0},"end":{"line":107,"column":12}},"107":{"start":{"line":108,"column":0},"end":{"line":108,"column":69}},"108":{"start":{"line":109,"column":0},"end":{"line":109,"column":7}},"109":{"start":{"line":110,"column":0},"end":{"line":110,"column":5}},"110":{"start":{"line":111,"column":0},"end":{"line":111,"column":3}},"111":{"start":{"line":112,"column":0},"end":{"line":112,"column":0}},"112":{"start":{"line":113,"column":0},"end":{"line":113,"column":35}},"113":{"start":{"line":114,"column":0},"end":{"line":114,"column":82}},"114":{"start":{"line":115,"column":0},"end":{"line":115,"column":85}},"115":{"start":{"line":116,"column":0},"end":{"line":116,"column":5}},"116":{"start":{"line":117,"column":0},"end":{"line":117,"column":4}},"117":{"start":{"line":118,"column":0},"end":{"line":118,"column":29}},"118":{"start":{"line":119,"column":0},"end":{"line":119,"column":35}},"119":{"start":{"line":120,"column":0},"end":{"line":120,"column":75}},"120":{"start":{"line":121,"column":0},"end":{"line":121,"column":73}},"121":{"start":{"line":122,"column":0},"end":{"line":122,"column":37}},"122":{"start":{"line":123,"column":0},"end":{"line":123,"column":5}},"123":{"start":{"line":124,"column":0},"end":{"line":124,"column":10}},"124":{"start":{"line":125,"column":0},"end":{"line":125,"column":41}},"125":{"start":{"line":126,"column":0},"end":{"line":126,"column":38}},"126":{"start":{"line":127,"column":0},"end":{"line":127,"column":38}},"127":{"start":{"line":128,"column":0},"end":{"line":128,"column":0}},"128":{"start":{"line":129,"column":0},"end":{"line":129,"column":51}},"129":{"start":{"line":130,"column":0},"end":{"line":130,"column":71}},"130":{"start":{"line":131,"column":0},"end":{"line":131,"column":107}},"131":{"start":{"line":132,"column":0},"end":{"line":132,"column":9}},"132":{"start":{"line":133,"column":0},"end":{"line":133,"column":7}},"133":{"start":{"line":134,"column":0},"end":{"line":134,"column":12}},"134":{"start":{"line":135,"column":0},"end":{"line":135,"column":69}},"135":{"start":{"line":136,"column":0},"end":{"line":136,"column":7}},"136":{"start":{"line":137,"column":0},"end":{"line":137,"column":5}},"137":{"start":{"line":138,"column":0},"end":{"line":138,"column":3}},"138":{"start":{"line":139,"column":0},"end":{"line":139,"column":0}},"139":{"start":{"line":140,"column":0},"end":{"line":140,"column":37}},"140":{"start":{"line":141,"column":0},"end":{"line":141,"column":82}},"141":{"start":{"line":142,"column":0},"end":{"line":142,"column":85}},"142":{"start":{"line":143,"column":0},"end":{"line":143,"column":5}},"143":{"start":{"line":144,"column":0},"end":{"line":144,"column":0}},"144":{"start":{"line":145,"column":0},"end":{"line":145,"column":29}},"145":{"start":{"line":146,"column":0},"end":{"line":146,"column":35}},"146":{"start":{"line":147,"column":0},"end":{"line":147,"column":43}},"147":{"start":{"line":148,"column":0},"end":{"line":148,"column":73}},"148":{"start":{"line":149,"column":0},"end":{"line":149,"column":56}},"149":{"start":{"line":150,"column":0},"end":{"line":150,"column":69}},"150":{"start":{"line":151,"column":0},"end":{"line":151,"column":29}},"151":{"start":{"line":152,"column":0},"end":{"line":152,"column":0}},"152":{"start":{"line":153,"column":0},"end":{"line":153,"column":81}},"153":{"start":{"line":154,"column":0},"end":{"line":154,"column":0}},"154":{"start":{"line":155,"column":0},"end":{"line":155,"column":95}},"155":{"start":{"line":156,"column":0},"end":{"line":156,"column":74}},"156":{"start":{"line":157,"column":0},"end":{"line":157,"column":56}},"157":{"start":{"line":158,"column":0},"end":{"line":158,"column":49}},"158":{"start":{"line":159,"column":0},"end":{"line":159,"column":73}},"159":{"start":{"line":160,"column":0},"end":{"line":160,"column":69}},"160":{"start":{"line":161,"column":0},"end":{"line":161,"column":13}},"161":{"start":{"line":162,"column":0},"end":{"line":162,"column":0}},"162":{"start":{"line":163,"column":0},"end":{"line":163,"column":26}},"163":{"start":{"line":164,"column":0},"end":{"line":164,"column":31}},"164":{"start":{"line":165,"column":0},"end":{"line":165,"column":9}},"165":{"start":{"line":166,"column":0},"end":{"line":166,"column":0}},"166":{"start":{"line":167,"column":0},"end":{"line":167,"column":39}},"167":{"start":{"line":168,"column":0},"end":{"line":168,"column":7}},"168":{"start":{"line":169,"column":0},"end":{"line":169,"column":74}},"169":{"start":{"line":170,"column":0},"end":{"line":170,"column":61}},"170":{"start":{"line":171,"column":0},"end":{"line":171,"column":122}},"171":{"start":{"line":172,"column":0},"end":{"line":172,"column":29}},"172":{"start":{"line":173,"column":0},"end":{"line":173,"column":30}},"173":{"start":{"line":174,"column":0},"end":{"line":174,"column":7}},"174":{"start":{"line":175,"column":0},"end":{"line":175,"column":77}},"175":{"start":{"line":176,"column":0},"end":{"line":176,"column":12}},"176":{"start":{"line":177,"column":0},"end":{"line":177,"column":52}},"177":{"start":{"line":178,"column":0},"end":{"line":178,"column":29}},"178":{"start":{"line":179,"column":0},"end":{"line":179,"column":30}},"179":{"start":{"line":180,"column":0},"end":{"line":180,"column":7}},"180":{"start":{"line":181,"column":0},"end":{"line":181,"column":5}},"181":{"start":{"line":182,"column":0},"end":{"line":182,"column":10}},"182":{"start":{"line":183,"column":0},"end":{"line":183,"column":41}},"183":{"start":{"line":184,"column":0},"end":{"line":184,"column":38}},"184":{"start":{"line":185,"column":0},"end":{"line":185,"column":64}},"185":{"start":{"line":186,"column":0},"end":{"line":186,"column":7}},"186":{"start":{"line":187,"column":0},"end":{"line":187,"column":12}},"187":{"start":{"line":188,"column":0},"end":{"line":188,"column":69}},"188":{"start":{"line":189,"column":0},"end":{"line":189,"column":7}},"189":{"start":{"line":190,"column":0},"end":{"line":190,"column":5}},"190":{"start":{"line":191,"column":0},"end":{"line":191,"column":3}},"191":{"start":{"line":192,"column":0},"end":{"line":192,"column":0}},"192":{"start":{"line":193,"column":0},"end":{"line":193,"column":39}},"193":{"start":{"line":194,"column":0},"end":{"line":194,"column":29}},"194":{"start":{"line":195,"column":0},"end":{"line":195,"column":56}},"195":{"start":{"line":196,"column":0},"end":{"line":196,"column":5}},"196":{"start":{"line":197,"column":0},"end":{"line":197,"column":0}},"197":{"start":{"line":198,"column":0},"end":{"line":198,"column":29}},"198":{"start":{"line":199,"column":0},"end":{"line":199,"column":37}},"199":{"start":{"line":200,"column":0},"end":{"line":200,"column":36}},"200":{"start":{"line":201,"column":0},"end":{"line":201,"column":59}},"201":{"start":{"line":202,"column":0},"end":{"line":202,"column":69}},"202":{"start":{"line":203,"column":0},"end":{"line":203,"column":7}},"203":{"start":{"line":204,"column":0},"end":{"line":204,"column":0}},"204":{"start":{"line":205,"column":0},"end":{"line":205,"column":63}},"205":{"start":{"line":206,"column":0},"end":{"line":206,"column":63}},"206":{"start":{"line":207,"column":0},"end":{"line":207,"column":0}},"207":{"start":{"line":208,"column":0},"end":{"line":208,"column":27}},"208":{"start":{"line":209,"column":0},"end":{"line":209,"column":97}},"209":{"start":{"line":210,"column":0},"end":{"line":210,"column":8}},"210":{"start":{"line":211,"column":0},"end":{"line":211,"column":87}},"211":{"start":{"line":212,"column":0},"end":{"line":212,"column":146}},"212":{"start":{"line":213,"column":0},"end":{"line":213,"column":75}},"213":{"start":{"line":214,"column":0},"end":{"line":214,"column":28}},"214":{"start":{"line":215,"column":0},"end":{"line":215,"column":29}},"215":{"start":{"line":216,"column":0},"end":{"line":216,"column":7}},"216":{"start":{"line":217,"column":0},"end":{"line":217,"column":86}},"217":{"start":{"line":218,"column":0},"end":{"line":218,"column":96}},"218":{"start":{"line":219,"column":0},"end":{"line":219,"column":0}},"219":{"start":{"line":220,"column":0},"end":{"line":220,"column":87}},"220":{"start":{"line":221,"column":0},"end":{"line":221,"column":116}},"221":{"start":{"line":222,"column":0},"end":{"line":222,"column":92}},"222":{"start":{"line":223,"column":0},"end":{"line":223,"column":26}},"223":{"start":{"line":224,"column":0},"end":{"line":224,"column":31}},"224":{"start":{"line":225,"column":0},"end":{"line":225,"column":7}},"225":{"start":{"line":226,"column":0},"end":{"line":226,"column":12}},"226":{"start":{"line":227,"column":0},"end":{"line":227,"column":55}},"227":{"start":{"line":228,"column":0},"end":{"line":228,"column":7}},"228":{"start":{"line":229,"column":0},"end":{"line":229,"column":5}},"229":{"start":{"line":230,"column":0},"end":{"line":230,"column":10}},"230":{"start":{"line":231,"column":0},"end":{"line":231,"column":41}},"231":{"start":{"line":232,"column":0},"end":{"line":232,"column":38}},"232":{"start":{"line":233,"column":0},"end":{"line":233,"column":66}},"233":{"start":{"line":234,"column":0},"end":{"line":234,"column":7}},"234":{"start":{"line":235,"column":0},"end":{"line":235,"column":12}},"235":{"start":{"line":236,"column":0},"end":{"line":236,"column":69}},"236":{"start":{"line":237,"column":0},"end":{"line":237,"column":7}},"237":{"start":{"line":238,"column":0},"end":{"line":238,"column":5}},"238":{"start":{"line":239,"column":0},"end":{"line":239,"column":3}},"239":{"start":{"line":240,"column":0},"end":{"line":240,"column":1}},"240":{"start":{"line":241,"column":0},"end":{"line":241,"column":0}},"241":{"start":{"line":242,"column":0},"end":{"line":242,"column":26}}},"s":{"0":1,"1":1,"2":1,"3":7,"4":7,"5":13,"6":5,"7":5,"8":8,"9":8,"10":8,"11":13,"12":7,"13":7,"14":7,"15":1,"16":1,"17":1,"18":1,"19":26,"20":10,"21":10,"22":20,"23":2,"24":2,"25":20,"26":10,"27":10,"28":8,"29":8,"30":2,"31":2,"32":2,"33":10,"34":16,"35":7,"36":7,"37":9,"38":9,"39":9,"40":26,"41":1,"42":1,"43":0,"44":0,"45":0,"46":0,"47":0,"48":0,"49":0,"50":0,"51":0,"52":0,"53":0,"54":0,"55":0,"56":0,"57":0,"58":0,"59":0,"60":0,"61":0,"62":0,"63":1,"64":1,"65":81,"66":38,"67":38,"68":43,"69":43,"70":43,"71":43,"72":43,"73":0,"74":0,"75":0,"76":43,"77":81,"78":1,"79":1,"80":3,"81":1,"82":1,"83":2,"84":2,"85":2,"86":2,"87":2,"88":0,"89":0,"90":0,"91":2,"92":3,"93":1,"94":1,"95":34,"96":19,"97":19,"98":19,"99":19,"100":19,"101":15,"102":15,"103":15,"104":15,"105":15,"106":0,"107":0,"108":0,"109":15,"110":34,"111":1,"112":1,"113":13,"114":2,"115":2,"116":11,"117":13,"118":9,"119":9,"120":9,"121":9,"122":9,"123":2,"124":2,"125":2,"126":1,"127":1,"128":1,"129":1,"130":1,"131":1,"132":1,"133":1,"134":1,"135":1,"136":2,"137":13,"138":1,"139":1,"140":16,"141":2,"142":2,"143":14,"144":16,"145":7,"146":7,"147":7,"148":7,"149":3,"150":3,"151":3,"152":3,"153":3,"154":3,"155":3,"156":3,"157":1,"158":1,"159":1,"160":1,"161":1,"162":1,"163":1,"164":1,"165":3,"166":3,"167":3,"168":4,"169":4,"170":1,"171":1,"172":1,"173":1,"174":3,"175":3,"176":3,"177":3,"178":3,"179":3,"180":7,"181":7,"182":7,"183":7,"184":5,"185":5,"186":2,"187":2,"188":2,"189":7,"190":16,"191":1,"192":1,"193":10,"194":1,"195":1,"196":9,"197":10,"198":5,"199":5,"200":5,"201":1,"202":1,"203":4,"204":4,"205":4,"206":4,"207":5,"208":2,"209":2,"210":2,"211":2,"212":2,"213":2,"214":2,"215":2,"216":2,"217":1,"218":1,"219":1,"220":1,"221":1,"222":1,"223":1,"224":1,"225":1,"226":1,"227":1,"228":5,"229":4,"230":4,"231":4,"232":3,"233":3,"234":1,"235":1,"236":1,"237":4,"238":10,"239":1,"240":1,"241":1},"branchMap":{"0":{"type":"branch","line":242,"loc":{"start":{"line":242,"column":26},"end":{"line":242,"column":26}},"locations":[{"start":{"line":242,"column":26},"end":{"line":242,"column":26}}]},"1":{"type":"branch","line":242,"loc":{"start":{"line":242,"column":26},"end":{"line":242,"column":26}},"locations":[{"start":{"line":242,"column":26},"end":{"line":242,"column":26}}]},"2":{"type":"branch","line":4,"loc":{"start":{"line":4,"column":0},"end":{"line":15,"column":1}},"locations":[{"start":{"line":4,"column":0},"end":{"line":15,"column":1}}]},"3":{"type":"branch","line":5,"loc":{"start":{"line":5,"column":28},"end":{"line":12,"column":5}},"locations":[{"start":{"line":5,"column":28},"end":{"line":12,"column":5}}]},"4":{"type":"branch","line":6,"loc":{"start":{"line":6,"column":29},"end":{"line":8,"column":5}},"locations":[{"start":{"line":6,"column":29},"end":{"line":8,"column":5}}]},"5":{"type":"branch","line":8,"loc":{"start":{"line":8,"column":5},"end":{"line":11,"column":5}},"locations":[{"start":{"line":8,"column":5},"end":{"line":11,"column":5}}]},"6":{"type":"branch","line":19,"loc":{"start":{"line":19,"column":2},"end":{"line":41,"column":3}},"locations":[{"start":{"line":19,"column":2},"end":{"line":41,"column":3}}]},"7":{"type":"branch","line":20,"loc":{"start":{"line":20,"column":30},"end":{"line":34,"column":5}},"locations":[{"start":{"line":20,"column":30},"end":{"line":34,"column":5}}]},"8":{"type":"branch","line":28,"loc":{"start":{"line":28,"column":20},"end":{"line":30,"column":7}},"locations":[{"start":{"line":28,"column":20},"end":{"line":30,"column":7}}]},"9":{"type":"branch","line":30,"loc":{"start":{"line":30,"column":7},"end":{"line":33,"column":7}},"locations":[{"start":{"line":30,"column":7},"end":{"line":33,"column":7}}]},"10":{"type":"branch","line":34,"loc":{"start":{"line":34,"column":5},"end":{"line":40,"column":5}},"locations":[{"start":{"line":34,"column":5},"end":{"line":40,"column":5}}]},"11":{"type":"branch","line":35,"loc":{"start":{"line":35,"column":32},"end":{"line":37,"column":5}},"locations":[{"start":{"line":35,"column":32},"end":{"line":37,"column":5}}]},"12":{"type":"branch","line":37,"loc":{"start":{"line":37,"column":5},"end":{"line":40,"column":5}},"locations":[{"start":{"line":37,"column":5},"end":{"line":40,"column":5}}]},"13":{"type":"branch","line":22,"loc":{"start":{"line":22,"column":20},"end":{"line":26,"column":9}},"locations":[{"start":{"line":22,"column":20},"end":{"line":26,"column":9}}]},"14":{"type":"branch","line":23,"loc":{"start":{"line":23,"column":33},"end":{"line":25,"column":9}},"locations":[{"start":{"line":23,"column":33},"end":{"line":25,"column":9}}]},"15":{"type":"branch","line":65,"loc":{"start":{"line":65,"column":2},"end":{"line":78,"column":3}},"locations":[{"start":{"line":65,"column":2},"end":{"line":78,"column":3}}]},"16":{"type":"branch","line":66,"loc":{"start":{"line":66,"column":28},"end":{"line":68,"column":5}},"locations":[{"start":{"line":66,"column":28},"end":{"line":68,"column":5}}]},"17":{"type":"branch","line":68,"loc":{"start":{"line":68,"column":5},"end":{"line":77,"column":5}},"locations":[{"start":{"line":68,"column":5},"end":{"line":77,"column":5}}]},"18":{"type":"branch","line":73,"loc":{"start":{"line":73,"column":7},"end":{"line":76,"column":7}},"locations":[{"start":{"line":73,"column":7},"end":{"line":76,"column":7}}]},"19":{"type":"branch","line":80,"loc":{"start":{"line":80,"column":2},"end":{"line":93,"column":3}},"locations":[{"start":{"line":80,"column":2},"end":{"line":93,"column":3}}]},"20":{"type":"branch","line":81,"loc":{"start":{"line":81,"column":28},"end":{"line":83,"column":5}},"locations":[{"start":{"line":81,"column":28},"end":{"line":83,"column":5}}]},"21":{"type":"branch","line":83,"loc":{"start":{"line":83,"column":5},"end":{"line":92,"column":5}},"locations":[{"start":{"line":83,"column":5},"end":{"line":92,"column":5}}]},"22":{"type":"branch","line":88,"loc":{"start":{"line":88,"column":7},"end":{"line":91,"column":7}},"locations":[{"start":{"line":88,"column":7},"end":{"line":91,"column":7}}]},"23":{"type":"branch","line":95,"loc":{"start":{"line":95,"column":2},"end":{"line":111,"column":3}},"locations":[{"start":{"line":95,"column":2},"end":{"line":111,"column":3}}]},"24":{"type":"branch","line":96,"loc":{"start":{"line":96,"column":28},"end":{"line":101,"column":5}},"locations":[{"start":{"line":96,"column":28},"end":{"line":101,"column":5}}]},"25":{"type":"branch","line":101,"loc":{"start":{"line":101,"column":5},"end":{"line":110,"column":5}},"locations":[{"start":{"line":101,"column":5},"end":{"line":110,"column":5}}]},"26":{"type":"branch","line":106,"loc":{"start":{"line":106,"column":7},"end":{"line":109,"column":7}},"locations":[{"start":{"line":106,"column":7},"end":{"line":109,"column":7}}]},"27":{"type":"branch","line":113,"loc":{"start":{"line":113,"column":2},"end":{"line":138,"column":3}},"locations":[{"start":{"line":113,"column":2},"end":{"line":138,"column":3}}]},"28":{"type":"branch","line":114,"loc":{"start":{"line":114,"column":30},"end":{"line":114,"column":81}},"locations":[{"start":{"line":114,"column":30},"end":{"line":114,"column":81}}]},"29":{"type":"branch","line":114,"loc":{"start":{"line":114,"column":81},"end":{"line":116,"column":5}},"locations":[{"start":{"line":114,"column":81},"end":{"line":116,"column":5}}]},"30":{"type":"branch","line":116,"loc":{"start":{"line":116,"column":5},"end":{"line":118,"column":7}},"locations":[{"start":{"line":116,"column":5},"end":{"line":118,"column":7}}]},"31":{"type":"branch","line":118,"loc":{"start":{"line":118,"column":28},"end":{"line":123,"column":5}},"locations":[{"start":{"line":118,"column":28},"end":{"line":123,"column":5}}]},"32":{"type":"branch","line":123,"loc":{"start":{"line":123,"column":5},"end":{"line":137,"column":5}},"locations":[{"start":{"line":123,"column":5},"end":{"line":137,"column":5}}]},"33":{"type":"branch","line":126,"loc":{"start":{"line":126,"column":37},"end":{"line":136,"column":7}},"locations":[{"start":{"line":126,"column":37},"end":{"line":136,"column":7}}]},"34":{"type":"branch","line":140,"loc":{"start":{"line":140,"column":2},"end":{"line":191,"column":3}},"locations":[{"start":{"line":140,"column":2},"end":{"line":191,"column":3}}]},"35":{"type":"branch","line":141,"loc":{"start":{"line":141,"column":30},"end":{"line":141,"column":81}},"locations":[{"start":{"line":141,"column":30},"end":{"line":141,"column":81}}]},"36":{"type":"branch","line":141,"loc":{"start":{"line":141,"column":81},"end":{"line":143,"column":5}},"locations":[{"start":{"line":141,"column":81},"end":{"line":143,"column":5}}]},"37":{"type":"branch","line":143,"loc":{"start":{"line":143,"column":5},"end":{"line":145,"column":7}},"locations":[{"start":{"line":143,"column":5},"end":{"line":145,"column":7}}]},"38":{"type":"branch","line":145,"loc":{"start":{"line":145,"column":28},"end":{"line":190,"column":5}},"locations":[{"start":{"line":145,"column":28},"end":{"line":190,"column":5}}]},"39":{"type":"branch","line":149,"loc":{"start":{"line":149,"column":55},"end":{"line":168,"column":7}},"locations":[{"start":{"line":149,"column":55},"end":{"line":168,"column":7}}]},"40":{"type":"branch","line":157,"loc":{"start":{"line":157,"column":55},"end":{"line":165,"column":9}},"locations":[{"start":{"line":157,"column":55},"end":{"line":165,"column":9}}]},"41":{"type":"branch","line":168,"loc":{"start":{"line":168,"column":7},"end":{"line":180,"column":7}},"locations":[{"start":{"line":168,"column":7},"end":{"line":180,"column":7}}]},"42":{"type":"branch","line":170,"loc":{"start":{"line":170,"column":60},"end":{"line":174,"column":7}},"locations":[{"start":{"line":170,"column":60},"end":{"line":174,"column":7}}]},"43":{"type":"branch","line":174,"loc":{"start":{"line":174,"column":7},"end":{"line":180,"column":7}},"locations":[{"start":{"line":174,"column":7},"end":{"line":180,"column":7}}]},"44":{"type":"branch","line":184,"loc":{"start":{"line":184,"column":37},"end":{"line":186,"column":7}},"locations":[{"start":{"line":184,"column":37},"end":{"line":186,"column":7}}]},"45":{"type":"branch","line":186,"loc":{"start":{"line":186,"column":7},"end":{"line":189,"column":7}},"locations":[{"start":{"line":186,"column":7},"end":{"line":189,"column":7}}]},"46":{"type":"branch","line":159,"loc":{"start":{"line":159,"column":64},"end":{"line":161,"column":13}},"locations":[{"start":{"line":159,"column":64},"end":{"line":161,"column":13}}]},"47":{"type":"branch","line":193,"loc":{"start":{"line":193,"column":2},"end":{"line":239,"column":3}},"locations":[{"start":{"line":193,"column":2},"end":{"line":239,"column":3}}]},"48":{"type":"branch","line":194,"loc":{"start":{"line":194,"column":28},"end":{"line":196,"column":5}},"locations":[{"start":{"line":194,"column":28},"end":{"line":196,"column":5}}]},"49":{"type":"branch","line":196,"loc":{"start":{"line":196,"column":5},"end":{"line":198,"column":7}},"locations":[{"start":{"line":196,"column":5},"end":{"line":198,"column":7}}]},"50":{"type":"branch","line":198,"loc":{"start":{"line":198,"column":28},"end":{"line":229,"column":5}},"locations":[{"start":{"line":198,"column":28},"end":{"line":229,"column":5}}]},"51":{"type":"branch","line":201,"loc":{"start":{"line":201,"column":58},"end":{"line":203,"column":7}},"locations":[{"start":{"line":201,"column":58},"end":{"line":203,"column":7}}]},"52":{"type":"branch","line":203,"loc":{"start":{"line":203,"column":7},"end":{"line":208,"column":9}},"locations":[{"start":{"line":203,"column":7},"end":{"line":208,"column":9}}]},"53":{"type":"branch","line":208,"loc":{"start":{"line":208,"column":26},"end":{"line":228,"column":7}},"locations":[{"start":{"line":208,"column":26},"end":{"line":228,"column":7}}]},"54":{"type":"branch","line":212,"loc":{"start":{"line":212,"column":22},"end":{"line":212,"column":53}},"locations":[{"start":{"line":212,"column":22},"end":{"line":212,"column":53}}]},"55":{"type":"branch","line":212,"loc":{"start":{"line":212,"column":22},"end":{"line":212,"column":104}},"locations":[{"start":{"line":212,"column":22},"end":{"line":212,"column":104}}]},"56":{"type":"branch","line":217,"loc":{"start":{"line":217,"column":85},"end":{"line":228,"column":7}},"locations":[{"start":{"line":217,"column":85},"end":{"line":228,"column":7}}]},"57":{"type":"branch","line":221,"loc":{"start":{"line":221,"column":22},"end":{"line":221,"column":53}},"locations":[{"start":{"line":221,"column":22},"end":{"line":221,"column":53}}]},"58":{"type":"branch","line":229,"loc":{"start":{"line":229,"column":5},"end":{"line":238,"column":5}},"locations":[{"start":{"line":229,"column":5},"end":{"line":238,"column":5}}]},"59":{"type":"branch","line":232,"loc":{"start":{"line":232,"column":37},"end":{"line":234,"column":7}},"locations":[{"start":{"line":232,"column":37},"end":{"line":234,"column":7}}]},"60":{"type":"branch","line":234,"loc":{"start":{"line":234,"column":7},"end":{"line":237,"column":7}},"locations":[{"start":{"line":234,"column":7},"end":{"line":237,"column":7}}]}},"b":{"0":[1],"1":[1],"2":[7],"3":[13],"4":[5],"5":[8],"6":[26],"7":[10],"8":[8],"9":[2],"10":[16],"11":[7],"12":[9],"13":[20],"14":[2],"15":[81],"16":[38],"17":[43],"18":[0],"19":[3],"20":[1],"21":[2],"22":[0],"23":[34],"24":[19],"25":[15],"26":[0],"27":[13],"28":[12],"29":[2],"30":[11],"31":[9],"32":[2],"33":[1],"34":[16],"35":[15],"36":[2],"37":[14],"38":[7],"39":[3],"40":[1],"41":[4],"42":[1],"43":[3],"44":[5],"45":[2],"46":[1],"47":[10],"48":[1],"49":[9],"50":[5],"51":[1],"52":[4],"53":[2],"54":[1],"55":[1],"56":[1],"57":[0],"58":[4],"59":[3],"60":[1]},"fnMap":{"0":{"name":"Object.<anonymous>","decl":{"start":{"line":242,"column":26},"end":{"line":242,"column":26}},"loc":{"start":{"line":242,"column":26},"end":{"line":242,"column":26}},"line":242},"1":{"name":"listify","decl":{"start":{"line":4,"column":0},"end":{"line":15,"column":1}},"loc":{"start":{"line":4,"column":0},"end":{"line":15,"column":1}},"line":4},"2":{"name":"NestedList","decl":{"start":{"line":19,"column":2},"end":{"line":41,"column":3}},"loc":{"start":{"line":19,"column":2},"end":{"line":41,"column":3}},"line":19},"3":{"name":"clone","decl":{"start":{"line":43,"column":2},"end":{"line":63,"column":3}},"loc":{"start":{"line":43,"column":2},"end":{"line":63,"column":3}},"line":43},"4":{"name":"get","decl":{"start":{"line":65,"column":2},"end":{"line":78,"column":3}},"loc":{"start":{"line":65,"column":2},"end":{"line":78,"column":3}},"line":65},"5":{"name":"set","decl":{"start":{"line":80,"column":2},"end":{"line":93,"column":3}},"loc":{"start":{"line":80,"column":2},"end":{"line":93,"column":3}},"line":80},"6":{"name":"push","decl":{"start":{"line":95,"column":2},"end":{"line":111,"column":3}},"loc":{"start":{"line":95,"column":2},"end":{"line":111,"column":3}},"line":95},"7":{"name":"delete","decl":{"start":{"line":113,"column":2},"end":{"line":138,"column":3}},"loc":{"start":{"line":113,"column":2},"end":{"line":138,"column":3}},"line":113},"8":{"name":"nest","decl":{"start":{"line":140,"column":2},"end":{"line":191,"column":3}},"loc":{"start":{"line":140,"column":2},"end":{"line":191,"column":3}},"line":140},"9":{"name":"unnest","decl":{"start":{"line":193,"column":2},"end":{"line":239,"column":3}},"loc":{"start":{"line":193,"column":2},"end":{"line":239,"column":3}},"line":193}},"f":{"0":1,"1":7,"2":26,"3":0,"4":81,"5":3,"6":34,"7":13,"8":16,"9":10}}
}
