TN:
SF:src/utils/nested_list.tsx
FN:242,Object.<anonymous>
FN:4,listify
FN:19,NestedList
FN:43,clone
FN:65,get
FN:80,set
FN:95,push
FN:113,delete
FN:140,nest
FN:193,unnest
FNF:10
FNH:9
FNDA:1,Object.<anonymous>
FNDA:7,listify
FNDA:26,NestedList
FNDA:0,clone
FNDA:81,get
FNDA:3,set
FNDA:34,push
FNDA:13,delete
FNDA:16,nest
FNDA:10,unnest
DA:1,1
DA:2,1
DA:3,1
DA:4,7
DA:5,7
DA:6,13
DA:7,5
DA:8,5
DA:9,8
DA:10,8
DA:11,8
DA:12,13
DA:13,7
DA:14,7
DA:15,7
DA:16,1
DA:17,1
DA:18,1
DA:19,1
DA:20,26
DA:21,10
DA:22,10
DA:23,20
DA:24,2
DA:25,2
DA:26,20
DA:27,10
DA:28,10
DA:29,8
DA:30,8
DA:31,2
DA:32,2
DA:33,2
DA:34,10
DA:35,16
DA:36,7
DA:37,7
DA:38,9
DA:39,9
DA:40,9
DA:41,26
DA:42,1
DA:43,1
DA:44,0
DA:45,0
DA:46,0
DA:47,0
DA:48,0
DA:49,0
DA:50,0
DA:51,0
DA:52,0
DA:53,0
DA:54,0
DA:55,0
DA:56,0
DA:57,0
DA:58,0
DA:59,0
DA:60,0
DA:61,0
DA:62,0
DA:63,0
DA:64,1
DA:65,1
DA:66,81
DA:67,38
DA:68,38
DA:69,43
DA:70,43
DA:71,43
DA:72,43
DA:73,43
DA:74,0
DA:75,0
DA:76,0
DA:77,43
DA:78,81
DA:79,1
DA:80,1
DA:81,3
DA:82,1
DA:83,1
DA:84,2
DA:85,2
DA:86,2
DA:87,2
DA:88,2
DA:89,0
DA:90,0
DA:91,0
DA:92,2
DA:93,3
DA:94,1
DA:95,1
DA:96,34
DA:97,19
DA:98,19
DA:99,19
DA:100,19
DA:101,19
DA:102,15
DA:103,15
DA:104,15
DA:105,15
DA:106,15
DA:107,0
DA:108,0
DA:109,0
DA:110,15
DA:111,34
DA:112,1
DA:113,1
DA:114,13
DA:115,2
DA:116,2
DA:117,11
DA:118,13
DA:119,9
DA:120,9
DA:121,9
DA:122,9
DA:123,9
DA:124,2
DA:125,2
DA:126,2
DA:127,1
DA:128,1
DA:129,1
DA:130,1
DA:131,1
DA:132,1
DA:133,1
DA:134,1
DA:135,1
DA:136,1
DA:137,2
DA:138,13
DA:139,1
DA:140,1
DA:141,16
DA:142,2
DA:143,2
DA:144,14
DA:145,16
DA:146,7
DA:147,7
DA:148,7
DA:149,7
DA:150,3
DA:151,3
DA:152,3
DA:153,3
DA:154,3
DA:155,3
DA:156,3
DA:157,3
DA:158,1
DA:159,1
DA:160,1
DA:161,1
DA:162,1
DA:163,1
DA:164,1
DA:165,1
DA:166,3
DA:167,3
DA:168,3
DA:169,4
DA:170,4
DA:171,1
DA:172,1
DA:173,1
DA:174,1
DA:175,3
DA:176,3
DA:177,3
DA:178,3
DA:179,3
DA:180,3
DA:181,7
DA:182,7
DA:183,7
DA:184,7
DA:185,5
DA:186,5
DA:187,2
DA:188,2
DA:189,2
DA:190,7
DA:191,16
DA:192,1
DA:193,1
DA:194,10
DA:195,1
DA:196,1
DA:197,9
DA:198,10
DA:199,5
DA:200,5
DA:201,5
DA:202,1
DA:203,1
DA:204,4
DA:205,4
DA:206,4
DA:207,4
DA:208,5
DA:209,2
DA:210,2
DA:211,2
DA:212,2
DA:213,2
DA:214,2
DA:215,2
DA:216,2
DA:217,2
DA:218,1
DA:219,1
DA:220,1
DA:221,1
DA:222,1
DA:223,1
DA:224,1
DA:225,1
DA:226,1
DA:227,1
DA:228,1
DA:229,5
DA:230,4
DA:231,4
DA:232,4
DA:233,3
DA:234,3
DA:235,1
DA:236,1
DA:237,1
DA:238,4
DA:239,10
DA:240,1
DA:241,1
DA:242,1
LF:242
LH:213
BRDA:242,0,0,1
BRDA:242,1,0,1
BRDA:4,2,0,7
BRDA:5,3,0,13
BRDA:6,4,0,5
BRDA:8,5,0,8
BRDA:19,6,0,26
BRDA:20,7,0,10
BRDA:28,8,0,8
BRDA:30,9,0,2
BRDA:34,10,0,16
BRDA:35,11,0,7
BRDA:37,12,0,9
BRDA:22,13,0,20
BRDA:23,14,0,2
BRDA:65,15,0,81
BRDA:66,16,0,38
BRDA:68,17,0,43
BRDA:73,18,0,0
BRDA:80,19,0,3
BRDA:81,20,0,1
BRDA:83,21,0,2
BRDA:88,22,0,0
BRDA:95,23,0,34
BRDA:96,24,0,19
BRDA:101,25,0,15
BRDA:106,26,0,0
BRDA:113,27,0,13
BRDA:114,28,0,12
BRDA:114,29,0,2
BRDA:116,30,0,11
BRDA:118,31,0,9
BRDA:123,32,0,2
BRDA:126,33,0,1
BRDA:140,34,0,16
BRDA:141,35,0,15
BRDA:141,36,0,2
BRDA:143,37,0,14
BRDA:145,38,0,7
BRDA:149,39,0,3
BRDA:157,40,0,1
BRDA:168,41,0,4
BRDA:170,42,0,1
BRDA:174,43,0,3
BRDA:184,44,0,5
BRDA:186,45,0,2
BRDA:159,46,0,1
BRDA:193,47,0,10
BRDA:194,48,0,1
BRDA:196,49,0,9
BRDA:198,50,0,5
BRDA:201,51,0,1
BRDA:203,52,0,4
BRDA:208,53,0,2
BRDA:212,54,0,1
BRDA:212,55,0,1
BRDA:217,56,0,1
BRDA:221,57,0,0
BRDA:229,58,0,4
BRDA:232,59,0,3
BRDA:234,60,0,1
BRF:61
BRH:57
end_of_record
